[0m2021.10.23 19:44:58 INFO  Started: Metals version 0.10.7 in workspace '/Users/michal/Documents/Study/MSc/Semester II/Big data algorithms/Laboratories/List 0/l0_t1_2/hello_world' for client Visual Studio Code 1.61.2.[0m
[0m2021.10.23 19:45:03 INFO  time: initialize in 4.58s[0m
[0m2021.10.23 19:45:03 WARN  Build server is not auto-connectable.[0m
[0m2021.10.23 19:45:13 INFO  running '/Users/michal/.sdkman/candidates/java/current/bin/java -Djline.terminal=jline.UnsupportedTerminal -Dsbt.log.noformat=true -Dfile.encoding=UTF-8 -jar /var/folders/hv/pkp_h7h178n_08c0gc8f0sz40000gn/T/metals5510739543400466738/sbt-launch.jar -Dbloop.export-jar-classifiers=sources bloopInstall'[0m
[0m2021.10.23 19:45:13 WARN  no build target for: /Users/michal/Documents/Study/MSc/Semester II/Big data algorithms/Laboratories/List 0/l0_t1_2/hello_world/project/metals.sbt[0m
[0m2021.10.23 19:45:13 WARN  no build target for: /Users/michal/Documents/Study/MSc/Semester II/Big data algorithms/Laboratories/List 0/l0_t1_2/hello_world/project/project/metals.sbt[0m
[0m2021.10.23 19:45:13 INFO  skipping build import with status 'Started'[0m
[0m2021.10.23 19:45:13 WARN  no build target for: /Users/michal/Documents/Study/MSc/Semester II/Big data algorithms/Laboratories/List 0/l0_t1_2/hello_world/project/metals.sbt[0m
[0m2021.10.23 19:45:13 WARN  no build target for: /Users/michal/Documents/Study/MSc/Semester II/Big data algorithms/Laboratories/List 0/l0_t1_2/hello_world/project/project/metals.sbt[0m
[0m2021.10.23 19:45:13 INFO  skipping build import with status 'Started'[0m
[0m2021.10.23 19:45:15 ERROR WARNING: A terminally deprecated method in java.lang.System has been called[0m
[0m2021.10.23 19:45:15 ERROR WARNING: System::setSecurityManager has been called by sbt.TrapExit$ (file:/Users/michal/.sbt/boot/scala-2.12.14/org.scala-sbt/sbt/1.5.5/run_2.12-1.5.5.jar)[0m
[0m2021.10.23 19:45:15 ERROR WARNING: Please consider reporting this to the maintainers of sbt.TrapExit$[0m
[0m2021.10.23 19:45:15 ERROR WARNING: System::setSecurityManager will be removed in a future release[0m
[0m2021.10.23 19:45:15 INFO  [info] welcome to sbt 1.5.5 (Eclipse Adoptium Java 17)[0m
[0m2021.10.23 19:45:19 INFO  no build target: using presentation compiler with only scala-library: 2.12.15[0m
[0m2021.10.23 19:45:20 INFO  [info] loading settings for project hello_world-build-build from metals.sbt ...[0m
[0m2021.10.23 19:45:22 INFO  [info] loading project definition from /Users/michal/Documents/Study/MSc/Semester II/Big data algorithms/Laboratories/List 0/l0_t1_2/hello_world/project/project[0m
[0m2021.10.23 19:45:40 INFO  [info] loading settings for project hello_world-build from metals.sbt ...[0m
[0m2021.10.23 19:45:40 INFO  [info] loading project definition from /Users/michal/Documents/Study/MSc/Semester II/Big data algorithms/Laboratories/List 0/l0_t1_2/hello_world/project[0m
[0m2021.10.23 19:46:20 INFO  [success] Generated .bloop/hello_world-build.json[0m
[0m2021.10.23 19:46:20 INFO  [success] Total time: 39 s, completed Oct 23, 2021, 7:46:20 PM[0m
[0m2021.10.23 19:46:23 INFO  [info] loading settings for project root from build.sbt ...[0m
[0m2021.10.23 19:46:23 INFO  [info] set current project to hello_world (in build file:/Users/michal/Documents/Study/MSc/Semester%20II/Big%20data%20algorithms/Laboratories/List%200/l0_t1_2/hello_world/)[0m
Oct 23, 2021 7:46:55 PM org.eclipse.lsp4j.jsonrpc.services.GenericEndpoint notify
INFO: Unsupported notification method: $/setTrace
[0m2021.10.23 19:47:31 INFO  no build target: using presentation compiler with only scala-library: 2.12.15[0m
[0m2021.10.23 19:47:32 INFO  time: evaluated worksheet 'l0_t1_2.worksheet.sc' in 1m27s[0m
[0m2021.10.23 19:47:33 INFO  time: evaluated worksheet 'l0_t1_2.worksheet.sc' in 1.75s[0m
[0m2021.10.23 19:47:37 INFO  [success] Generated .bloop/root-test.json[0m
[0m2021.10.23 19:47:37 INFO  [success] Generated .bloop/root.json[0m
[0m2021.10.23 19:47:37 INFO  [success] Total time: 73 s (01:13), completed Oct 23, 2021, 7:47:37 PM[0m
[0m2021.10.23 19:47:37 INFO  time: ran 'sbt bloopInstall' in 2m24s[0m
[0m2021.10.23 19:47:37 INFO  Attempting to connect to the build server...[0m
Starting the bsp launcher for bloop...
Opening a bsp server connection with 'bsp --protocol local --socket /var/folders/hv/pkp_h7h178n_08c0gc8f0sz40000gn/T/bsp-launcher15264036055888053758/bsp.socket'...
Waiting for the bsp connection to come up...
Waiting for the bsp connection to come up...
Waiting for the bsp connection to come up...
Waiting for the bsp connection to come up...
Waiting for the bsp connection to come up...
Waiting for the bsp connection to come up...
Waiting for the bsp connection to come up...
Waiting for the bsp connection to come up...
Waiting for the bsp connection to come up...
Waiting for the bsp connection to come up...
Waiting for the bsp connection to come up...
Waiting for the bsp connection to come up...
Waiting for the bsp connection to come up...
Waiting for the bsp connection to come up...
Waiting for the bsp connection to come up...
Waiting for the bsp connection to come up...
Waiting for the bsp connection to come up...
Waiting for the bsp connection to come up...
[0m2021.10.23 19:47:59 INFO  time: evaluated worksheet 'l0_t1_2.worksheet.sc' in 1.99s[0m
Waiting for the bsp connection to come up...
Waiting for the bsp connection to come up...
Waiting for the bsp connection to come up...
Waiting for the bsp connection to come up...
Waiting for the bsp connection to come up...
Waiting for the bsp connection to come up...
Waiting for the bsp connection to come up...
Waiting for the bsp connection to come up...
Waiting for the bsp connection to come up...
Waiting for the bsp connection to come up...
Waiting for the bsp connection to come up...
Waiting for the bsp connection to come up...
Waiting for the bsp connection to come up...
error: Giving up on waiting for a connection, printing embedded bloop logs:
> No server running at 127.0.0.1:8212, let's fire one...
> Resolving ch.epfl.scala:bloop-frontend_2.12:1.4.9...
error: Trying a tcp-based connection to the server instead...
Opening a bsp server connection with 'bsp --protocol tcp --port 11792'...
Waiting for the bsp connection to come up...
Waiting for the bsp connection to come up...
Waiting for the bsp connection to come up...
Waiting for the bsp connection to come up...
Waiting for the bsp connection to come up...
Waiting for the bsp connection to come up...
Waiting for the bsp connection to come up...
Waiting for the bsp connection to come up...
Waiting for the bsp connection to come up...
Waiting for the bsp connection to come up...
Waiting for the bsp connection to come up...
Waiting for the bsp connection to come up...
Waiting for the bsp connection to come up...
Waiting for the bsp connection to come up...
Waiting for the bsp connection to come up...
Waiting for the bsp connection to come up...
Waiting for the bsp connection to come up...
Waiting for the bsp connection to come up...
Waiting for the bsp connection to come up...
Waiting for the bsp connection to come up...
No server running at 127.0.0.1:8212, let's fire one...
Resolving ch.epfl.scala:bloop-frontend_2.12:1.4.9...
Starting bloop server at 127.0.0.1:8212...
Attempting a connection to the server...
[0m[32m[D][0m Waiting for a connection at 127.0.0.1:11792...
The server is listening for incoming connections at tcp://127.0.0.1:11792...
Starting thread that pumps stdin and redirects it to the bsp server...
Starting thread that pumps server stdout and redirects it to the client stdout...
[0m2021.10.23 19:48:38 INFO  tracing is disabled for protocol BSP, to enable tracing of incoming and outgoing JSON messages create an empty file at /Users/michal/Library/Caches/org.scalameta.metals/bsp.trace.json[0m
[0m2021.10.23 19:48:38 INFO  Attempting to connect to the build server...[0m
Starting the bsp launcher for bloop...
Opening a bsp server connection with 'bsp --protocol local --socket /var/folders/hv/pkp_h7h178n_08c0gc8f0sz40000gn/T/bsp-launcher11070720335713412153/bsp.socket'...
Waiting for the bsp connection to come up...
[0m[32m[D][0m Loading workspace settings from bloop.settings.json
[0m[32m[D][0m Waiting for a connection at local:///var/folders/hv/pkp_h7h178n_08c0gc8f0sz40000gn/T/bsp-launcher11070720335713412153/bsp.socket...
The server is listening for incoming connections at local:///var/folders/hv/pkp_h7h178n_08c0gc8f0sz40000gn/T/bsp-launcher11070720335713412153/bsp.socket...
Starting thread that pumps stdin and redirects it to the bsp server...
Starting thread that pumps server stdout and redirects it to the client stdout...
[0m2021.10.23 19:48:39 INFO  tracing is disabled for protocol BSP, to enable tracing of incoming and outgoing JSON messages create an empty file at /Users/michal/Library/Caches/org.scalameta.metals/bsp.trace.json[0m
[0m2021.10.23 19:48:44 INFO  shutting down Metals[0m
Exception in thread "pool-1-thread-10" java.lang.InterruptedException
