[0m2021.12.04 14:50:21 INFO  Started: Metals version 0.10.9 in workspace '/Users/michal/Documents/Study/MSc/Semester II/Big data algorithms/Laboratories' for client Visual Studio Code 1.62.3.[0m
[0m2021.12.04 14:50:25 INFO  time: initialize in 4.45s[0m
[0m2021.12.04 14:50:26 WARN  Build server is not auto-connectable.[0m
[0m2021.12.04 14:50:26 WARN  no build tool detected in workspace '/Users/michal/Documents/Study/MSc/Semester II/Big data algorithms/Laboratories'. The most common cause for this problem is that the editor was opened in the wrong working directory, for example if you use sbt then the workspace directory should contain build.sbt. [0m
[0m2021.12.04 14:50:26 WARN  no build target for: /Users/michal/Documents/Study/MSc/Semester II/Big data algorithms/Laboratories/List 1/l1_t2/l1_t2.scala[0m
[0m2021.12.04 14:50:26 WARN  no build target for: /Users/michal/Documents/Study/MSc/Semester II/Big data algorithms/Laboratories/List 2/l2_t1.scala[0m
[0m2021.12.04 14:50:33 INFO  no build target: using presentation compiler with only scala-library: 3.1.0[0m
[0m2021.12.04 14:50:40 INFO  time: code lens generation in 11s[0m
Dec 04, 2021 2:52:14 PM org.eclipse.lsp4j.jsonrpc.services.GenericEndpoint notify
INFO: Unsupported notification method: $/setTrace
[0m2021.12.04 15:10:56 WARN  no build target for: /Users/michal/Documents/Study/MSc/Semester II/Big data algorithms/Laboratories/List 2/l2_t1/l2_t1.scala[0m
[0m2021.12.04 15:13:30 WARN  no build target for: /Users/michal/Documents/Study/MSc/Semester II/Big data algorithms/Laboratories/List 1/l1_t2/l1_t2.scala[0m
[0m2021.12.04 15:13:35 WARN  no build target for: /Users/michal/Documents/Study/MSc/Semester II/Big data algorithms/Laboratories/List 1/l1_t1/l1_t1.scala[0m
[0m2021.12.04 15:13:39 INFO  time: code lens generation in 2.23s[0m
[0m2021.12.04 15:14:07 WARN  no build target for: /Users/michal/Documents/Study/MSc/Semester II/Big data algorithms/Laboratories/List 2/l2_t1/l2_t1.scala[0m
Dec 04, 2021 3:14:16 PM org.eclipse.lsp4j.jsonrpc.RemoteEndpoint handleCancellation
WARNING: Unmatched cancel notification for request id 101
[0m2021.12.04 15:14:19 WARN  no build target for: /Users/michal/Documents/Study/MSc/Semester II/Big data algorithms/Laboratories/List 1/l1_t1/l1_t1.scala[0m
Dec 04, 2021 3:29:07 PM org.eclipse.lsp4j.jsonrpc.RemoteEndpoint handleCancellation
WARNING: Unmatched cancel notification for request id 168
[0m2021.12.04 15:30:08 WARN  no build target for: /Users/michal/Documents/Study/MSc/Semester II/Big data algorithms/Laboratories/List 2/l2_t1/l2_t1.scala[0m
Dec 04, 2021 3:30:11 PM org.eclipse.lsp4j.jsonrpc.RemoteEndpoint handleCancellation
WARNING: Unmatched cancel notification for request id 264
Dec 04, 2021 3:31:05 PM org.eclipse.lsp4j.jsonrpc.RemoteEndpoint handleCancellation
WARNING: Unmatched cancel notification for request id 285
[0m2021.12.04 15:31:18 WARN  no build target for: /Users/michal/Documents/Study/MSc/Semester II/Big data algorithms/Laboratories/List 2/l2_t1/l2_t1.scala[0m
[0m2021.12.04 15:31:27 WARN  no build target for: /Users/michal/Documents/Study/MSc/Semester II/Big data algorithms/Laboratories/List 2/l2_t1/l2_t1.scala[0m
[0m2021.12.04 15:32:17 WARN  no build target for: /Users/michal/Documents/Study/MSc/Semester II/Big data algorithms/Laboratories/List 2/l2_t1/l2_t1.scala[0m
Dec 04, 2021 3:32:39 PM org.eclipse.lsp4j.jsonrpc.RemoteEndpoint handleCancellation
WARNING: Unmatched cancel notification for request id 368
Dec 04, 2021 3:32:48 PM org.eclipse.lsp4j.jsonrpc.RemoteEndpoint handleCancellation
WARNING: Unmatched cancel notification for request id 378
[0m2021.12.04 15:33:06 WARN  no build target for: /Users/michal/Documents/Study/MSc/Semester II/Big data algorithms/Laboratories/List 2/l2_t1/l2_t1.scala[0m
Dec 04, 2021 3:34:03 PM org.eclipse.lsp4j.jsonrpc.RemoteEndpoint handleCancellation
WARNING: Unmatched cancel notification for request id 460
Dec 04, 2021 3:34:07 PM org.eclipse.lsp4j.jsonrpc.RemoteEndpoint handleCancellation
WARNING: Unmatched cancel notification for request id 470
[0m2021.12.04 15:34:37 WARN  no build target for: /Users/michal/Documents/Study/MSc/Semester II/Big data algorithms/Laboratories/List 2/l2_t1/l2_t1.scala[0m
[0m2021.12.04 15:35:16 WARN  no build target for: /Users/michal/Documents/Study/MSc/Semester II/Big data algorithms/Laboratories/List 2/l2_t1/l2_t1.scala[0m
Dec 04, 2021 3:36:12 PM org.eclipse.lsp4j.jsonrpc.RemoteEndpoint handleCancellation
WARNING: Unmatched cancel notification for request id 631
[0m2021.12.04 15:36:23 WARN  no build target for: /Users/michal/Documents/Study/MSc/Semester II/Big data algorithms/Laboratories/List 2/l2_t1/l2_t1.scala[0m
[0m2021.12.04 15:37:53 WARN  no build target for: /Users/michal/Documents/Study/MSc/Semester II/Big data algorithms/Laboratories/List 2/l2_t1/l2_t1.scala[0m
[0m2021.12.04 15:39:56 WARN  no build target for: /Users/michal/Documents/Study/MSc/Semester II/Big data algorithms/Laboratories/List 2/l2_t1/l2_t1.scala[0m
[0m2021.12.04 15:40:06 WARN  no build target for: /Users/michal/Documents/Study/MSc/Semester II/Big data algorithms/Laboratories/List 2/l2_t1/l2_t1.scala[0m
[0m2021.12.04 15:40:23 WARN  no build target for: /Users/michal/Documents/Study/MSc/Semester II/Big data algorithms/Laboratories/List 2/l2_t1/l2_t1.scala[0m
[0m2021.12.04 15:40:45 WARN  no build target for: /Users/michal/Documents/Study/MSc/Semester II/Big data algorithms/Laboratories/List 2/l2_t1/l2_t1.scala[0m
[0m2021.12.04 15:42:00 WARN  no build target for: /Users/michal/Documents/Study/MSc/Semester II/Big data algorithms/Laboratories/List 2/l2_t1/l2_t1.scala[0m
[0m2021.12.04 15:42:59 WARN  no build target for: /Users/michal/Documents/Study/MSc/Semester II/Big data algorithms/Laboratories/List 2/l2_t1/l2_t1.scala[0m
[0m2021.12.04 15:43:28 WARN  no build target for: /Users/michal/Documents/Study/MSc/Semester II/Big data algorithms/Laboratories/List 2/l2_t1/l2_t1.scala[0m
[0m2021.12.04 15:43:51 WARN  no build target for: /Users/michal/Documents/Study/MSc/Semester II/Big data algorithms/Laboratories/List 2/l2_t1/l2_t1.scala[0m
Dec 04, 2021 3:44:35 PM org.eclipse.lsp4j.jsonrpc.RemoteEndpoint handleCancellation
WARNING: Unmatched cancel notification for request id 1405
[0m2021.12.04 15:45:17 WARN  no build target for: /Users/michal/Documents/Study/MSc/Semester II/Big data algorithms/Laboratories/List 2/l2_t1/l2_t1.scala[0m
Dec 04, 2021 3:45:56 PM org.eclipse.lsp4j.jsonrpc.RemoteEndpoint handleCancellation
WARNING: Unmatched cancel notification for request id 1567
Dec 04, 2021 3:46:01 PM org.eclipse.lsp4j.jsonrpc.RemoteEndpoint handleCancellation
WARNING: Unmatched cancel notification for request id 1574
[0m2021.12.04 15:46:14 WARN  no build target for: /Users/michal/Documents/Study/MSc/Semester II/Big data algorithms/Laboratories/List 2/l2_t1/l2_t1.scala[0m
[0m2021.12.04 15:46:35 WARN  no build target for: /Users/michal/Documents/Study/MSc/Semester II/Big data algorithms/Laboratories/List 2/l2_t1/l2_t1.scala[0m
[0m2021.12.04 15:46:47 WARN  no build target for: /Users/michal/Documents/Study/MSc/Semester II/Big data algorithms/Laboratories/List 2/l2_t1/l2_t1.scala[0m
[0m2021.12.04 15:47:11 WARN  no build target for: /Users/michal/Documents/Study/MSc/Semester II/Big data algorithms/Laboratories/List 2/l2_t1/l2_t1.scala[0m
Dec 04, 2021 3:47:36 PM org.eclipse.lsp4j.jsonrpc.RemoteEndpoint handleCancellation
WARNING: Unmatched cancel notification for request id 1741
[0m2021.12.04 15:47:40 WARN  no build target for: /Users/michal/Documents/Study/MSc/Semester II/Big data algorithms/Laboratories/List 2/l2_t1/l2_t1.scala[0m
Dec 04, 2021 3:47:43 PM org.eclipse.lsp4j.jsonrpc.RemoteEndpoint handleCancellation
WARNING: Unmatched cancel notification for request id 1779
Dec 04, 2021 3:47:56 PM org.eclipse.lsp4j.jsonrpc.RemoteEndpoint handleCancellation
WARNING: Unmatched cancel notification for request id 1787
[0m2021.12.04 15:47:59 WARN  no build target for: /Users/michal/Documents/Study/MSc/Semester II/Big data algorithms/Laboratories/List 2/l2_t1/l2_t1.scala[0m
[0m2021.12.04 15:48:12 WARN  no build target for: /Users/michal/Documents/Study/MSc/Semester II/Big data algorithms/Laboratories/List 2/l2_t1/l2_t1.scala[0m
[0m2021.12.04 15:48:29 WARN  no build target for: /Users/michal/Documents/Study/MSc/Semester II/Big data algorithms/Laboratories/List 2/l2_t1/l2_t1.scala[0m
[0m2021.12.04 15:49:00 WARN  no build target for: /Users/michal/Documents/Study/MSc/Semester II/Big data algorithms/Laboratories/List 2/l2_t1/l2_t1.scala[0m
[0m2021.12.04 15:49:15 WARN  no build target for: /Users/michal/Documents/Study/MSc/Semester II/Big data algorithms/Laboratories/List 2/l2_t1/l2_t1.scala[0m
[0m2021.12.04 15:57:40 WARN  no build target for: /Users/michal/Documents/Study/MSc/Semester II/Big data algorithms/Laboratories/List 2/l2_t1/l2_t1.scala[0m
[0m2021.12.04 15:57:43 WARN  no build target for: /Users/michal/Documents/Study/MSc/Semester II/Big data algorithms/Laboratories/List 2/l2_t1/l2_t1.scala[0m
[0m2021.12.04 15:58:49 WARN  no build target for: /Users/michal/Documents/Study/MSc/Semester II/Big data algorithms/Laboratories/List 2/l2_t1/l2_t1.scala[0m
[0m2021.12.04 16:00:20 WARN  no build target for: /Users/michal/Documents/Study/MSc/Semester II/Big data algorithms/Laboratories/List 2/l2_t1/l2_t1.scala[0m
[0m2021.12.04 16:02:52 INFO  time: code lens generation in 2.42s[0m
[0m2021.12.04 16:02:52 INFO  time: code lens generation in 1.94s[0m
[0m2021.12.04 16:02:52 INFO  time: code lens generation in 1.31s[0m
[0m2021.12.04 16:02:52 INFO  time: code lens generation in 1.63s[0m
[0m2021.12.04 16:03:08 WARN  no build target for: /Users/michal/Documents/Study/MSc/Semester II/Big data algorithms/Laboratories/List 2/l2_t1/l2_t1.scala[0m
[0m2021.12.04 16:03:27 WARN  no build target for: /Users/michal/Documents/Study/MSc/Semester II/Big data algorithms/Laboratories/List 2/l2_t1/l2_t1.scala[0m
[0m2021.12.04 16:06:05 WARN  no build target for: /Users/michal/Documents/Study/MSc/Semester II/Big data algorithms/Laboratories/List 2/l2_t1/l2_t1.scala[0m
Dec 04, 2021 4:06:37 PM org.eclipse.lsp4j.jsonrpc.RemoteEndpoint handleCancellation
WARNING: Unmatched cancel notification for request id 2351
[0m2021.12.04 16:06:48 WARN  no build target for: /Users/michal/Documents/Study/MSc/Semester II/Big data algorithms/Laboratories/List 1/l1_t2/l1_t2.scala[0m
Dec 04, 2021 4:14:14 PM org.eclipse.lsp4j.jsonrpc.RemoteEndpoint handleCancellation
WARNING: Unmatched cancel notification for request id 2373
[0m2021.12.04 16:15:35 WARN  no build target for: /Users/michal/Documents/Study/MSc/Semester II/Big data algorithms/Laboratories/List 2/l2_t1/l2_t1.scala[0m
[0m2021.12.04 16:19:32 WARN  no build target for: /Users/michal/Documents/Study/MSc/Semester II/Big data algorithms/Laboratories/List 2/l2_t1/l2_t1.scala[0m
[0m2021.12.04 16:19:50 WARN  no build target for: /Users/michal/Documents/Study/MSc/Semester II/Big data algorithms/Laboratories/List 2/l2_t1/l2_t1.scala[0m
[0m2021.12.04 16:19:58 WARN  no build target for: /Users/michal/Documents/Study/MSc/Semester II/Big data algorithms/Laboratories/List 2/l2_t1/l2_t1.scala[0m
[0m2021.12.04 16:21:13 WARN  no build target for: /Users/michal/Documents/Study/MSc/Semester II/Big data algorithms/Laboratories/List 2/l2_t1/l2_t1.scala[0m
[0m2021.12.04 16:21:22 WARN  no build target for: /Users/michal/Documents/Study/MSc/Semester II/Big data algorithms/Laboratories/List 2/l2_t1/l2_t1.scala[0m
[0m2021.12.04 16:21:27 WARN  no build target for: /Users/michal/Documents/Study/MSc/Semester II/Big data algorithms/Laboratories/List 2/l2_t1/l2_t1.scala[0m
[0m2021.12.04 16:22:34 WARN  no build target for: /Users/michal/Documents/Study/MSc/Semester II/Big data algorithms/Laboratories/List 2/l2_t1/l2_t1.scala[0m
[0m2021.12.04 16:23:45 WARN  no build target for: /Users/michal/Documents/Study/MSc/Semester II/Big data algorithms/Laboratories/List 2/l2_t1/l2_t1.scala[0m
[0m2021.12.04 16:26:03 WARN  no build target for: /Users/michal/Documents/Study/MSc/Semester II/Big data algorithms/Laboratories/List 2/l2_t1/l2_t1.scala[0m
[0m2021.12.04 16:26:28 WARN  no build target for: /Users/michal/Documents/Study/MSc/Semester II/Big data algorithms/Laboratories/List 2/l2_t1/l2_t1.scala[0m
[0m2021.12.04 16:26:53 WARN  no build target for: /Users/michal/Documents/Study/MSc/Semester II/Big data algorithms/Laboratories/List 2/l2_t1/l2_t1.scala[0m
[0m2021.12.04 16:27:17 WARN  no build target for: /Users/michal/Documents/Study/MSc/Semester II/Big data algorithms/Laboratories/List 2/l2_t1/l2_t1.scala[0m
[0m2021.12.04 16:27:42 WARN  no build target for: /Users/michal/Documents/Study/MSc/Semester II/Big data algorithms/Laboratories/List 2/l2_t1/l2_t1.scala[0m
[0m2021.12.04 16:27:48 WARN  no build target for: /Users/michal/Documents/Study/MSc/Semester II/Big data algorithms/Laboratories/List 2/l2_t1/l2_t1.scala[0m
[0m2021.12.04 16:28:43 WARN  no build target for: /Users/michal/Documents/Study/MSc/Semester II/Big data algorithms/Laboratories/List 2/l2_t1/l2_t1.scala[0m
[0m2021.12.04 16:30:12 WARN  no build target for: /Users/michal/Documents/Study/MSc/Semester II/Big data algorithms/Laboratories/List 2/l2_t1/l2_t1.scala[0m
[0m2021.12.04 16:30:46 WARN  no build target for: /Users/michal/Documents/Study/MSc/Semester II/Big data algorithms/Laboratories/List 2/l2_t1/l2_t1.scala[0m
[0m2021.12.04 16:31:40 WARN  no build target for: /Users/michal/Documents/Study/MSc/Semester II/Big data algorithms/Laboratories/List 2/l2_t1/l2_t1.scala[0m
[0m2021.12.04 16:32:25 WARN  no build target for: /Users/michal/Documents/Study/MSc/Semester II/Big data algorithms/Laboratories/List 2/l2_t1/l2_t1.scala[0m
[0m2021.12.04 16:35:32 WARN  no build target for: /Users/michal/Documents/Study/MSc/Semester II/Big data algorithms/Laboratories/List 2/l2_t1/l2_t1.scala[0m
[0m2021.12.04 16:37:05 WARN  no build target for: /Users/michal/Documents/Study/MSc/Semester II/Big data algorithms/Laboratories/List 2/l2_t1/l2_t1.scala[0m
[0m2021.12.04 16:37:19 WARN  no build target for: /Users/michal/Documents/Study/MSc/Semester II/Big data algorithms/Laboratories/List 2/l2_t1/l2_t1.scala[0m
[0m2021.12.04 16:37:22 WARN  no build target for: /Users/michal/Documents/Study/MSc/Semester II/Big data algorithms/Laboratories/List 2/l2_t1/l2_t1.scala[0m
[0m2021.12.04 16:37:49 WARN  no build target for: /Users/michal/Documents/Study/MSc/Semester II/Big data algorithms/Laboratories/List 2/l2_t1/l2_t1.scala[0m
[0m2021.12.04 16:40:56 WARN  no build target for: /Users/michal/Documents/Study/MSc/Semester II/Big data algorithms/Laboratories/List 2/l2_t1/l2_t1.scala[0m
[0m2021.12.04 16:40:57 WARN  no build target for: /Users/michal/Documents/Study/MSc/Semester II/Big data algorithms/Laboratories/List 2/l2_t1/l2_t1.scala[0m
[0m2021.12.04 16:41:29 WARN  no build target for: /Users/michal/Documents/Study/MSc/Semester II/Big data algorithms/Laboratories/List 2/l2_t1/l2_t1.scala[0m
[0m2021.12.04 16:41:50 WARN  no build target for: /Users/michal/Documents/Study/MSc/Semester II/Big data algorithms/Laboratories/List 2/l2_t1/l2_t1.scala[0m
[0m2021.12.04 16:42:12 WARN  no build target for: /Users/michal/Documents/Study/MSc/Semester II/Big data algorithms/Laboratories/List 2/l2_t1/l2_t1.scala[0m
[0m2021.12.04 16:44:30 WARN  no build target for: /Users/michal/Documents/Study/MSc/Semester II/Big data algorithms/Laboratories/List 2/l2_t1/l2_t1.scala[0m
[0m2021.12.04 16:47:03 WARN  no build target for: /Users/michal/Documents/Study/MSc/Semester II/Big data algorithms/Laboratories/List 2/l2_t1/l2_t1.scala[0m
[0m2021.12.04 16:47:19 WARN  no build target for: /Users/michal/Documents/Study/MSc/Semester II/Big data algorithms/Laboratories/List 2/l2_t1/l2_t1.scala[0m
[0m2021.12.04 16:47:59 WARN  no build target for: /Users/michal/Documents/Study/MSc/Semester II/Big data algorithms/Laboratories/List 2/l2_t1/l2_t1.scala[0m
[0m2021.12.04 16:48:03 WARN  no build target for: /Users/michal/Documents/Study/MSc/Semester II/Big data algorithms/Laboratories/List 2/l2_t1/l2_t1.scala[0m
[0m2021.12.04 16:48:17 WARN  no build target for: /Users/michal/Documents/Study/MSc/Semester II/Big data algorithms/Laboratories/List 2/l2_t1/l2_t1.scala[0m
[0m2021.12.04 16:48:23 WARN  no build target for: /Users/michal/Documents/Study/MSc/Semester II/Big data algorithms/Laboratories/List 2/l2_t1/l2_t1.scala[0m
[0m2021.12.04 16:49:11 WARN  no build target for: /Users/michal/Documents/Study/MSc/Semester II/Big data algorithms/Laboratories/List 2/l2_t1/l2_t1.scala[0m
[0m2021.12.04 16:49:15 WARN  no build target for: /Users/michal/Documents/Study/MSc/Semester II/Big data algorithms/Laboratories/List 2/l2_t1/l2_t1.scala[0m
Dec 04, 2021 4:49:39 PM org.eclipse.lsp4j.jsonrpc.RemoteEndpoint handleCancellation
WARNING: Unmatched cancel notification for request id 3977
[0m2021.12.04 16:49:43 WARN  no build target for: /Users/michal/Documents/Study/MSc/Semester II/Big data algorithms/Laboratories/List 2/l2_t1/l2_t1.scala[0m
[0m2021.12.04 16:50:02 WARN  no build target for: /Users/michal/Documents/Study/MSc/Semester II/Big data algorithms/Laboratories/List 2/l2_t1/l2_t1.scala[0m
[0m2021.12.04 16:50:22 WARN  no build target for: /Users/michal/Documents/Study/MSc/Semester II/Big data algorithms/Laboratories/List 2/l2_t1/l2_t1.scala[0m
[0m2021.12.04 16:50:53 WARN  no build target for: /Users/michal/Documents/Study/MSc/Semester II/Big data algorithms/Laboratories/List 2/l2_t1/l2_t1.scala[0m
[0m2021.12.04 16:58:05 WARN  no build target for: /Users/michal/Documents/Study/MSc/Semester II/Big data algorithms/Laboratories/List 2/l2_t1/l2_t1.scala[0m
[0m2021.12.04 17:05:11 WARN  no build target for: /Users/michal/Documents/Study/MSc/Semester II/Big data algorithms/Laboratories/List 2/l2_t1/l2_t1.scala[0m
[0m2021.12.04 17:28:42 WARN  no build target for: /Users/michal/Documents/Study/MSc/Semester II/Big data algorithms/Laboratories/List 1/l1_t2/l1_t2.scala[0m
Dec 04, 2021 5:32:26 PM org.eclipse.lsp4j.jsonrpc.RemoteEndpoint handleCancellation
WARNING: Unmatched cancel notification for request id 4252
[0m2021.12.04 17:37:59 WARN  no build target for: /Users/michal/Documents/Study/MSc/Semester II/Big data algorithms/Laboratories/List 2/l2_t1/l2_t1.scala[0m
[0m2021.12.04 17:38:49 WARN  no build target for: /Users/michal/Documents/Study/MSc/Semester II/Big data algorithms/Laboratories/List 2/l2_t1/l2_t1.scala[0m
[0m2021.12.04 17:38:51 WARN  no build target for: /Users/michal/Documents/Study/MSc/Semester II/Big data algorithms/Laboratories/List 2/l2_t1/l2_t1.scala[0m
[0m2021.12.04 17:40:42 WARN  no build target for: /Users/michal/Documents/Study/MSc/Semester II/Big data algorithms/Laboratories/List 2/l2_t1/l2_t1.scala[0m
[0m2021.12.04 17:42:39 WARN  no build target for: /Users/michal/Documents/Study/MSc/Semester II/Big data algorithms/Laboratories/List 2/l2_t1/l2_t1.scala[0m
[0m2021.12.04 17:44:24 WARN  no build target for: /Users/michal/Documents/Study/MSc/Semester II/Big data algorithms/Laboratories/List 2/l2_t1/l2_t1.scala[0m
[0m2021.12.04 22:35:07 WARN  no build target for: /Users/michal/Documents/Study/MSc/Semester II/Big data algorithms/Laboratories/List 2/l2_t1/l2_t1.scala[0m
[0m2021.12.04 22:35:20 WARN  no build target for: /Users/michal/Documents/Study/MSc/Semester II/Big data algorithms/Laboratories/List 2/l2_t1/l2_t1.scala[0m
[0m2021.12.04 22:35:50 WARN  no build target for: /Users/michal/Documents/Study/MSc/Semester II/Big data algorithms/Laboratories/List 2/l2_t1/l2_t1.scala[0m
[0m2021.12.04 22:40:30 WARN  no build target for: /Users/michal/Documents/Study/MSc/Semester II/Big data algorithms/Laboratories/List 2/l2_t1/l2_t1.scala[0m
[0m2021.12.04 22:40:35 WARN  no build target for: /Users/michal/Documents/Study/MSc/Semester II/Big data algorithms/Laboratories/List 2/l2_t1/l2_t1.scala[0m
[0m2021.12.04 22:43:43 WARN  no build target for: /Users/michal/Documents/Study/MSc/Semester II/Big data algorithms/Laboratories/List 2/l2_t1/l2_t1.scala[0m
[0m2021.12.04 22:43:47 WARN  no build target for: /Users/michal/Documents/Study/MSc/Semester II/Big data algorithms/Laboratories/List 2/l2_t1/l2_t1.scala[0m
[0m2021.12.04 22:48:25 WARN  no build target for: /Users/michal/Documents/Study/MSc/Semester II/Big data algorithms/Laboratories/List 2/l2_t1/l2_t1.scala[0m
[0m2021.12.04 22:54:18 WARN  no build target for: /Users/michal/Documents/Study/MSc/Semester II/Big data algorithms/Laboratories/List 2/l2_t1/l2_t1.scala[0m
[0m2021.12.04 22:55:30 WARN  no build target for: /Users/michal/Documents/Study/MSc/Semester II/Big data algorithms/Laboratories/List 2/l2_t1/l2_t1.scala[0m
[0m2021.12.04 22:56:19 WARN  no build target for: /Users/michal/Documents/Study/MSc/Semester II/Big data algorithms/Laboratories/List 2/l2_t1/l2_t1.scala[0m
[0m2021.12.04 23:00:41 WARN  no build target for: /Users/michal/Documents/Study/MSc/Semester II/Big data algorithms/Laboratories/List 2/l2_t1/l2_t1.scala[0m
[0m2021.12.04 23:01:01 WARN  no build target for: /Users/michal/Documents/Study/MSc/Semester II/Big data algorithms/Laboratories/List 2/l2_t1/l2_t1.scala[0m
[0m2021.12.04 23:01:15 WARN  no build target for: /Users/michal/Documents/Study/MSc/Semester II/Big data algorithms/Laboratories/List 2/l2_t1/l2_t1.scala[0m
[0m2021.12.04 23:01:31 WARN  no build target for: /Users/michal/Documents/Study/MSc/Semester II/Big data algorithms/Laboratories/List 2/l2_t1/l2_t1.scala[0m
[0m2021.12.04 23:01:56 WARN  no build target for: /Users/michal/Documents/Study/MSc/Semester II/Big data algorithms/Laboratories/List 2/l2_t1/l2_t1.scala[0m
Exception in thread "pool-3-thread-1" java.lang.InterruptedException
	at scala.meta.internal.metals.FutureCancelToken.checkCanceled(FutureCancelToken.scala:29)
	at scala.meta.internal.pc.CompilerAccess.onCompilerJobQueue$$anonfun$1(CompilerAccess.scala:195)
	at scala.meta.internal.pc.CompilerJobQueue$Job.run(CompilerJobQueue.scala:139)
	at java.base/java.util.concurrent.ThreadPoolExecutor.runWorker(ThreadPoolExecutor.java:1136)
	at java.base/java.util.concurrent.ThreadPoolExecutor$Worker.run(ThreadPoolExecutor.java:635)
	at java.base/java.lang.Thread.run(Thread.java:833)
[0m2021.12.04 23:02:12 WARN  no build target for: /Users/michal/Documents/Study/MSc/Semester II/Big data algorithms/Laboratories/List 2/l2_t1/l2_t1.scala[0m
[0m2021.12.04 23:02:44 WARN  no build target for: /Users/michal/Documents/Study/MSc/Semester II/Big data algorithms/Laboratories/List 2/l2_t1/l2_t1.scala[0m
[0m2021.12.04 23:04:02 WARN  no build target for: /Users/michal/Documents/Study/MSc/Semester II/Big data algorithms/Laboratories/List 2/l2_t1/l2_t1.scala[0m
[0m2021.12.04 23:04:20 WARN  no build target for: /Users/michal/Documents/Study/MSc/Semester II/Big data algorithms/Laboratories/List 2/l2_t1/l2_t1.scala[0m
[0m2021.12.04 23:09:44 WARN  no build target for: /Users/michal/Documents/Study/MSc/Semester II/Big data algorithms/Laboratories/List 2/l2_t1/l2_t1.scala[0m
[0m2021.12.04 23:10:30 WARN  no build target for: /Users/michal/Documents/Study/MSc/Semester II/Big data algorithms/Laboratories/List 2/l2_t1/l2_t1.scala[0m
[0m2021.12.04 23:10:39 WARN  no build target for: /Users/michal/Documents/Study/MSc/Semester II/Big data algorithms/Laboratories/List 2/l2_t1/l2_t1.scala[0m
[0m2021.12.04 23:11:54 WARN  no build target for: /Users/michal/Documents/Study/MSc/Semester II/Big data algorithms/Laboratories/List 2/l2_t1/l2_t1.scala[0m
[0m2021.12.04 23:14:13 WARN  no build target for: /Users/michal/Documents/Study/MSc/Semester II/Big data algorithms/Laboratories/List 2/l2_t1/l2_t1.scala[0m
[0m2021.12.04 23:15:14 WARN  no build target for: /Users/michal/Documents/Study/MSc/Semester II/Big data algorithms/Laboratories/List 2/l2_t1/l2_t1.scala[0m
[0m2021.12.04 23:15:29 WARN  no build target for: /Users/michal/Documents/Study/MSc/Semester II/Big data algorithms/Laboratories/List 2/l2_t1/l2_t1.scala[0m
[0m2021.12.04 23:16:11 WARN  no build target for: /Users/michal/Documents/Study/MSc/Semester II/Big data algorithms/Laboratories/List 2/l2_t1/l2_t1.scala[0m
[0m2021.12.04 23:17:16 WARN  no build target for: /Users/michal/Documents/Study/MSc/Semester II/Big data algorithms/Laboratories/List 2/l2_t1/l2_t1.scala[0m
[0m2021.12.04 23:18:00 WARN  no build target for: /Users/michal/Documents/Study/MSc/Semester II/Big data algorithms/Laboratories/List 2/l2_t1/l2_t1.scala[0m
[0m2021.12.04 23:18:09 WARN  no build target for: /Users/michal/Documents/Study/MSc/Semester II/Big data algorithms/Laboratories/List 2/l2_t1/l2_t1.scala[0m
[0m2021.12.04 23:18:11 WARN  no build target for: /Users/michal/Documents/Study/MSc/Semester II/Big data algorithms/Laboratories/List 2/l2_t1/l2_t1.scala[0m
[0m2021.12.04 23:18:38 WARN  no build target for: /Users/michal/Documents/Study/MSc/Semester II/Big data algorithms/Laboratories/List 2/l2_t1/l2_t1.scala[0m
[0m2021.12.04 23:18:56 WARN  no build target for: /Users/michal/Documents/Study/MSc/Semester II/Big data algorithms/Laboratories/List 2/l2_t1/l2_t1.scala[0m
[0m2021.12.04 23:24:30 WARN  no build target for: /Users/michal/Documents/Study/MSc/Semester II/Big data algorithms/Laboratories/List 2/l2_t1/l2_t1.scala[0m
[0m2021.12.04 23:29:01 WARN  no build target for: /Users/michal/Documents/Study/MSc/Semester II/Big data algorithms/Laboratories/List 2/l2_t1/l2_t1.scala[0m
[0m2021.12.04 23:29:19 WARN  no build target for: /Users/michal/Documents/Study/MSc/Semester II/Big data algorithms/Laboratories/List 2/l2_t1/l2_t1.scala[0m
[0m2021.12.04 23:29:38 WARN  no build target for: /Users/michal/Documents/Study/MSc/Semester II/Big data algorithms/Laboratories/List 2/l2_t1/l2_t1.scala[0m
[0m2021.12.04 23:29:48 WARN  no build target for: /Users/michal/Documents/Study/MSc/Semester II/Big data algorithms/Laboratories/List 2/l2_t1/l2_t1.scala[0m
[0m2021.12.04 23:30:50 WARN  no build target for: /Users/michal/Documents/Study/MSc/Semester II/Big data algorithms/Laboratories/List 2/l2_t1/l2_t1.scala[0m
[0m2021.12.05 11:36:54 INFO  shutting down Metals[0m
